{"C:\\Users\\fredr\\WebstormProjects\\PG6301-WebutviklingOgAPI-DesignClone\\application.jsx": {"path":"C:\\Users\\fredr\\WebstormProjects\\PG6301-WebutviklingOgAPI-DesignClone\\application.jsx","statementMap":{"0":{"start":{"line":4,"column":4},"end":{"line":10,"column":10}},"1":{"start":{"line":14,"column":30},"end":{"line":14,"column":42}},"2":{"start":{"line":15,"column":28},"end":{"line":15,"column":40}},"3":{"start":{"line":16,"column":28},"end":{"line":16,"column":40}},"4":{"start":{"line":19,"column":8},"end":{"line":19,"column":31}},"5":{"start":{"line":20,"column":8},"end":{"line":20,"column":40}},"6":{"start":{"line":23,"column":4},"end":{"line":37,"column":12}},"7":{"start":{"line":27,"column":75},"end":{"line":27,"column":99}},"8":{"start":{"line":31,"column":72},"end":{"line":31,"column":95}}},"fnMap":{"0":{"name":"ListMovies","decl":{"start":{"line":3,"column":16},"end":{"line":3,"column":26}},"loc":{"start":{"line":3,"column":29},"end":{"line":11,"column":1}},"line":3},"1":{"name":"NewMovieForm","decl":{"start":{"line":13,"column":16},"end":{"line":13,"column":28}},"loc":{"start":{"line":13,"column":43},"end":{"line":38,"column":1}},"line":13},"2":{"name":"handleSubmit","decl":{"start":{"line":18,"column":13},"end":{"line":18,"column":25}},"loc":{"start":{"line":18,"column":33},"end":{"line":21,"column":5}},"line":18},"3":{"name":"(anonymous_3)","decl":{"start":{"line":27,"column":70},"end":{"line":27,"column":71}},"loc":{"start":{"line":27,"column":75},"end":{"line":27,"column":99}},"line":27},"4":{"name":"(anonymous_4)","decl":{"start":{"line":31,"column":67},"end":{"line":31,"column":68}},"loc":{"start":{"line":31,"column":72},"end":{"line":31,"column":95}},"line":31}},"branchMap":{},"s":{"0":2,"1":3,"2":3,"3":3,"4":1,"5":1,"6":3,"7":1,"8":1},"f":{"0":2,"1":3,"2":1,"3":1,"4":1},"b":{},"_coverageSchema":"1a1c01bbd47fc00a2c39e90264f33305004495a9","hash":"013942f949c6dc99c77aefe0ca01b2d30c825f0f"}
,"C:\\Users\\fredr\\WebstormProjects\\PG6301-WebutviklingOgAPI-DesignClone\\index.jsx": {"path":"C:\\Users\\fredr\\WebstormProjects\\PG6301-WebutviklingOgAPI-DesignClone\\index.jsx","statementMap":{"0":{"start":{"line":5,"column":0},"end":{"line":5,"column":62}}},"fnMap":{},"branchMap":{},"s":{"0":0},"f":{},"b":{}}
}
